<?xml version="1.0" encoding="UTF-8"?>
<!-- Generated by org.testng.reporters.JUnitReportReporter -->
<testsuite skipped="0" hostname="T0x1cEnv31ope.local" name="il.co.bgurent.tests.BaseTest" tests="1" failures="0" timestamp="20 Oct 2017 15:17:29 GMT" time="0.016" errors="0">
  <testcase name="TEST_Title" time="0.016" classname="il.co.bgurent.tests.BaseTest"/>
</testsuite> <!-- il.co.bgurent.tests.BaseTest -->
