<?xml version="1.0" encoding="UTF-8"?>
<!-- Generated by org.testng.reporters.JUnitReportReporter -->
<testsuite skipped="0" hostname="T0x1cEnv31ope" name="il.co.bgurent.tests.SearchAPITest" tests="1" failures="0" timestamp="21 Oct 2017 20:07:28 GMT" time="6.339" errors="0">
  <testcase name="TEST_SearchAPI_GET" time="6.339" classname="il.co.bgurent.tests.SearchAPITest"/>
</testsuite> <!-- il.co.bgurent.tests.SearchAPITest -->
