<?xml version="1.0" encoding="UTF-8"?>
<!-- Generated by org.testng.reporters.JUnitReportReporter -->
<testsuite skipped="0" hostname="T0x1cEnv31ope.local" name="il.co.bgurent.tests.SearchAPITest" tests="1" failures="0" timestamp="20 Oct 2017 15:58:26 GMT" time="0.010" errors="0">
  <testcase name="startUp" time="0.010" classname="il.co.bgurent.tests.SearchAPITest"/>
</testsuite> <!-- il.co.bgurent.tests.SearchAPITest -->
